TN:
SF:src/index.ts
FN:23,(anonymous_0)
FN:29,(anonymous_1)
FN:49,(anonymous_2)
FN:50,(anonymous_3)
FN:56,(anonymous_4)
FN:58,(anonymous_5)
FN:69,(anonymous_6)
FN:80,(anonymous_7)
FN:91,(anonymous_8)
FN:93,(anonymous_9)
FN:104,(anonymous_10)
FN:125,(anonymous_11)
FNF:12
FNH:10
FNDA:17,(anonymous_0)
FNDA:16,(anonymous_1)
FNDA:0,(anonymous_2)
FNDA:0,(anonymous_3)
FNDA:16,(anonymous_4)
FNDA:2,(anonymous_5)
FNDA:2,(anonymous_6)
FNDA:2,(anonymous_7)
FNDA:16,(anonymous_8)
FNDA:2,(anonymous_9)
FNDA:3,(anonymous_10)
FNDA:1,(anonymous_11)
DA:9,1
DA:10,1
DA:11,1
DA:20,1
DA:23,18
DA:30,16
DA:43,16
DA:45,16
DA:46,16
DA:49,16
DA:50,16
DA:51,0
DA:52,0
DA:58,16
DA:59,2
DA:60,2
DA:61,1
DA:63,1
DA:64,1
DA:69,16
DA:70,2
DA:71,2
DA:72,1
DA:74,1
DA:75,1
DA:80,16
DA:81,2
DA:82,2
DA:83,1
DA:85,1
DA:86,1
DA:93,16
DA:94,2
DA:95,2
DA:96,1
DA:98,1
DA:99,1
DA:104,16
DA:105,3
DA:106,3
DA:111,1
DA:116,2
DA:117,2
DA:118,1
DA:120,1
DA:126,1
DA:127,1
DA:128,1
DA:133,1
DA:136,1
DA:137,0
DA:138,0
LF:52
LH:48
BRDA:29,0,0,0
BRDA:108,1,0,3
BRDA:108,1,1,0
BRDA:117,2,0,1
BRDA:136,3,0,0
BRF:5
BRH:2
end_of_record
TN:
SF:src/uor-client.ts
FN:35,(anonymous_1)
FN:53,(anonymous_2)
FN:58,(anonymous_3)
FN:78,(anonymous_4)
FN:113,(anonymous_5)
FN:170,(anonymous_6)
FN:242,(anonymous_7)
FN:271,(anonymous_8)
FN:305,(anonymous_9)
FN:339,(anonymous_10)
FN:374,(anonymous_11)
FNF:11
FNH:11
FNDA:25,(anonymous_1)
FNDA:3,(anonymous_2)
FNDA:1,(anonymous_3)
FNDA:1,(anonymous_4)
FNDA:5,(anonymous_5)
FNDA:1,(anonymous_6)
FNDA:12,(anonymous_7)
FNDA:3,(anonymous_8)
FNDA:3,(anonymous_9)
FNDA:3,(anonymous_10)
FNDA:2,(anonymous_11)
DA:7,2
DA:19,2
DA:26,2
DA:36,25
DA:38,25
DA:54,3
DA:55,3
DA:57,2
DA:58,1
DA:66,1
DA:68,1
DA:69,1
DA:79,1
DA:114,5
DA:116,5
DA:117,5
DA:119,1
DA:122,4
DA:125,4
DA:127,2
DA:128,2
DA:130,1
DA:131,1
DA:133,0
DA:134,0
DA:136,0
DA:137,0
DA:140,1
DA:143,3
DA:145,2
DA:151,3
DA:152,3
DA:153,1
DA:157,2
DA:158,2
DA:161,0
DA:171,1
DA:243,12
DA:244,12
DA:246,3
DA:248,3
DA:250,3
DA:252,2
DA:254,1
DA:257,5
DA:258,5
DA:259,5
DA:261,0
DA:272,3
DA:273,3
DA:274,1
DA:283,2
DA:284,2
DA:285,1
DA:295,1
DA:306,3
DA:307,3
DA:308,1
DA:317,2
DA:318,2
DA:319,1
DA:329,1
DA:340,3
DA:341,3
DA:342,1
DA:351,2
DA:352,2
DA:353,1
DA:363,1
DA:375,2
DA:376,2
DA:383,1
DA:392,1
DA:393,1
LF:74
LH:68
BRDA:35,0,0,1
BRDA:36,1,0,25
BRDA:36,1,1,1
BRDA:40,2,0,25
BRDA:40,2,1,1
BRDA:43,3,0,24
BRDA:43,3,1,1
BRDA:57,4,0,1
BRDA:57,5,0,2
BRDA:57,5,1,2
BRDA:117,6,0,1
BRDA:125,7,0,2
BRDA:125,7,1,1
BRDA:125,7,2,0
BRDA:125,7,3,0
BRDA:125,7,4,1
BRDA:152,8,0,1
BRDA:152,9,0,3
BRDA:152,9,1,1
BRDA:157,10,0,2
BRDA:244,11,0,3
BRDA:244,11,1,3
BRDA:244,11,2,3
BRDA:244,11,3,2
BRDA:244,11,4,1
BRDA:258,12,0,5
BRDA:284,13,0,1
BRDA:284,14,0,2
BRDA:284,14,1,1
BRDA:318,15,0,1
BRDA:318,16,0,2
BRDA:318,16,1,1
BRDA:352,17,0,1
BRDA:352,18,0,2
BRDA:352,18,1,1
BRDA:380,19,0,2
BRDA:380,19,1,1
BRF:37
BRH:35
end_of_record
